0 info it worked if it ends with ok
1 verbose cli [ 'C:\\Program Files\\nodejs\\node.exe',
1 verbose cli   'C:\\Program Files\\nodejs\\node_modules\\npm\\bin\\npm-cli.js',
1 verbose cli   'publish' ]
2 info using npm@3.10.10
3 info using node@v6.11.2
4 verbose publish [ '.' ]
5 silly cache add args [ '.', null ]
6 verbose cache add spec .
7 silly cache add parsed spec Result {
7 silly cache add   raw: '.',
7 silly cache add   scope: null,
7 silly cache add   escapedName: null,
7 silly cache add   name: null,
7 silly cache add   rawSpec: '.',
7 silly cache add   spec: 'C:\\warpjs-openapi-plugin',
7 silly cache add   type: 'directory' }
8 verbose addLocalDirectory C:\Users\fim3be\AppData\Roaming\npm-cache\@warp-works\warpjs-openapi-plugin\1.0.5\package.tgz not in flight; packing
9 verbose correctMkdir C:\Users\fim3be\AppData\Roaming\npm-cache correctMkdir not in flight; initializing
10 info lifecycle @warp-works/warpjs-openapi-plugin@1.0.5~prepublish: @warp-works/warpjs-openapi-plugin@1.0.5
11 verbose lifecycle @warp-works/warpjs-openapi-plugin@1.0.5~prepublish: unsafe-perm in lifecycle true
12 verbose lifecycle @warp-works/warpjs-openapi-plugin@1.0.5~prepublish: PATH: C:\Program Files\nodejs\node_modules\npm\bin\node-gyp-bin;C:\warpjs-openapi-plugin\node_modules\.bin;C:\Users\fim3be\bin;C:\Program Files\Git\mingw64\bin;C:\Program Files\Git\usr\local\bin;C:\Program Files\Git\usr\bin;C:\Program Files\Git\usr\bin;C:\Program Files\Git\mingw64\bin;C:\Program Files\Git\usr\bin;C:\Users\fim3be\bin;C:\Program Files (x86)\Common Files\Oracle\Java\javapath;C:\Windows\system32;C:\Windows;C:\Windows\System32\Wbem;C:\Windows\System32\WindowsPowerShell\v1.0;%Java_Home%\bin;C:\Program Files\Git\cmd;C:\Program Files\TortoiseSVN\bin;C:\Program Files\TortoiseGit\bin;C:\Program Files\nodejs;C:\Program Files (x86)\PuTTY;C:\ProgramData\Oracle\Java\javapath;C:\Windows\system32;C:\Windows;C:\Windows\System32\Wbem;C:\Windows\System32\WindowsPowerShell\v1.0;C:\Program Files\Java\jdk8\bin;C:\Program Files\Git\cmd;C:\Program Files\TortoiseSVN\bin;C:\Program Files\TortoiseGit\bin;C:\Program Files\nodejs;C:\Python27;C:\Users\fim3be\AppData\Local\Google\Cloud SDK\google-cloud-sdk\bin;C:\Program Files\Git\usr\bin\vendor_perl;C:\Program Files\Git\usr\bin\core_perl
13 verbose lifecycle @warp-works/warpjs-openapi-plugin@1.0.5~prepublish: CWD: C:\warpjs-openapi-plugin
14 silly lifecycle @warp-works/warpjs-openapi-plugin@1.0.5~prepublish: Args: [ '/d /s /c', 'npm run grunt' ]
15 silly lifecycle @warp-works/warpjs-openapi-plugin@1.0.5~prepublish: Returned: code: 1  signal: null
16 info lifecycle @warp-works/warpjs-openapi-plugin@1.0.5~prepublish: Failed to exec prepublish script
17 error addLocal Could not install C:\warpjs-openapi-plugin
18 verbose stack Error: @warp-works/warpjs-openapi-plugin@1.0.5 prepublish: `npm run grunt`
18 verbose stack Exit status 1
18 verbose stack     at EventEmitter.<anonymous> (C:\Program Files\nodejs\node_modules\npm\lib\utils\lifecycle.js:255:16)
18 verbose stack     at emitTwo (events.js:106:13)
18 verbose stack     at EventEmitter.emit (events.js:191:7)
18 verbose stack     at ChildProcess.<anonymous> (C:\Program Files\nodejs\node_modules\npm\lib\utils\spawn.js:40:14)
18 verbose stack     at emitTwo (events.js:106:13)
18 verbose stack     at ChildProcess.emit (events.js:191:7)
18 verbose stack     at maybeClose (internal/child_process.js:891:16)
18 verbose stack     at Process.ChildProcess._handle.onexit (internal/child_process.js:226:5)
19 verbose pkgid @warp-works/warpjs-openapi-plugin@1.0.5
20 verbose cwd C:\warpjs-openapi-plugin
21 error Windows_NT 6.1.7601
22 error argv "C:\\Program Files\\nodejs\\node.exe" "C:\\Program Files\\nodejs\\node_modules\\npm\\bin\\npm-cli.js" "publish"
23 error node v6.11.2
24 error npm  v3.10.10
25 error code ELIFECYCLE
26 error @warp-works/warpjs-openapi-plugin@1.0.5 prepublish: `npm run grunt`
26 error Exit status 1
27 error Failed at the @warp-works/warpjs-openapi-plugin@1.0.5 prepublish script 'npm run grunt'.
27 error Make sure you have the latest version of node.js and npm installed.
27 error If you do, this is most likely a problem with the @warp-works/warpjs-openapi-plugin package,
27 error not with npm itself.
27 error Tell the author that this fails on your system:
27 error     npm run grunt
27 error You can get information on how to open an issue for this project with:
27 error     npm bugs @warp-works/warpjs-openapi-plugin
27 error Or if that isn't available, you can get their info via:
27 error     npm owner ls @warp-works/warpjs-openapi-plugin
27 error There is likely additional logging output above.
28 verbose exit [ 1, true ]
